\BOOKMARK [-1][-]{part.1}{I Proleg\363meno}{}% 1
\BOOKMARK [0][-]{chapter.1}{Introducci\363n}{part.1}% 2
\BOOKMARK [1][-]{section.1.1}{Motivaci\363n}{chapter.1}% 3
\BOOKMARK [1][-]{section.1.2}{Alcance}{chapter.1}% 4
\BOOKMARK [1][-]{section.1.3}{Objetivos}{chapter.1}% 5
\BOOKMARK [1][-]{section.1.4}{Glosario de T\351rminos}{chapter.1}% 6
\BOOKMARK [1][-]{section.1.5}{Metodolog\355a}{chapter.1}% 7
\BOOKMARK [1][-]{section.1.6}{Estructuraci\363n del documento}{chapter.1}% 8
\BOOKMARK [0][-]{chapter.2}{Antecedentes}{part.1}% 9
\BOOKMARK [1][-]{section.2.1}{Estado del Arte}{chapter.2}% 10
\BOOKMARK [2][-]{subsection.2.1.1}{Situaci\363n actual de la tecnolog\355a}{section.2.1}% 11
\BOOKMARK [2][-]{subsection.2.1.2}{Cr\355tica al estado del arte}{section.2.1}% 12
\BOOKMARK [2][-]{subsection.2.1.3}{Propuesta}{section.2.1}% 13
\BOOKMARK [-1][-]{part.2}{II Desarrollo}{}% 14
\BOOKMARK [0][-]{chapter.3}{An\341lisis del problema}{part.2}% 15
\BOOKMARK [1][-]{section.3.1}{Cat\341logo de actores}{chapter.3}% 16
\BOOKMARK [1][-]{section.3.2}{An\341lisis de requisitos del sistema}{chapter.3}% 17
\BOOKMARK [1][-]{section.3.3}{Requisitos funcionales}{chapter.3}% 18
\BOOKMARK [1][-]{section.3.4}{Requisitos no funcionales}{chapter.3}% 19
\BOOKMARK [1][-]{section.3.5}{Reglas de negocio}{chapter.3}% 20
\BOOKMARK [1][-]{section.3.6}{An\341lisis de las soluciones}{chapter.3}% 21
\BOOKMARK [1][-]{section.3.7}{Soluci\363n propuesta}{chapter.3}% 22
\BOOKMARK [1][-]{section.3.8}{An\341lisis de seguridad}{chapter.3}% 23
\BOOKMARK [1][-]{section.3.9}{An\341lisis de la protecci\363n de datos}{chapter.3}% 24
\BOOKMARK [1][-]{section.3.10}{Presupuesto}{chapter.3}% 25
\BOOKMARK [0][-]{chapter.4}{Dise\361o del sistema}{part.2}% 26
\BOOKMARK [1][-]{section.4.1}{An\341lisis de las herramientas}{chapter.4}% 27
\BOOKMARK [2][-]{subsection.4.1.1}{Android Studio}{section.4.1}% 28
\BOOKMARK [2][-]{subsection.4.1.2}{React Native}{section.4.1}% 29
\BOOKMARK [2][-]{subsection.4.1.3}{Xamarin}{section.4.1}% 30
\BOOKMARK [1][-]{section.4.2}{Soluci\363n propuesta}{chapter.4}% 31
\BOOKMARK [1][-]{section.4.3}{Arquitectura software}{chapter.4}% 32
\BOOKMARK [2][-]{subsection.4.3.1}{Arquitectura f\355sica}{section.4.3}% 33
\BOOKMARK [2][-]{subsection.4.3.2}{Arquitectura l\363gica}{section.4.3}% 34
\BOOKMARK [2][-]{subsection.4.3.3}{Dise\361o L\363gico de Datos}{section.4.3}% 35
